<?xml version="1.0" encoding="UTF-8"?>
<!-- Generated by org.testng.reporters.JUnitReportReporter -->
<testsuite skipped="0" hostname="Kgotsos-MBP" name="api_test.SearchByValidTitle" tests="1" failures="0" timestamp="26 Mar 2018 07:57:16 GMT" time="11.006" errors="0">
  <testcase name="Search_API_Test" time="11.006" classname="api_test.SearchByValidTitle"/>
</testsuite> <!-- api_test.SearchByValidTitle -->
